Base path: D:/Unity/Editor/Data
Pipe name: \\.\pipe\UnityShaderCompiler-1-7300
Cmd: getPlatforms
Cmd: compileSnippet
  api=0 type=0 insize=3359 outsize=743 kw=WATER_REFRACTIVE ok=1
Cmd: compileSnippet
  api=0 type=0 insize=3359 outsize=636 kw=WATER_SIMPLE ok=1
Cmd: compileSnippet
  api=0 type=1 insize=3359 outsize=1055 kw=WATER_REFRACTIVE ok=1
Cmd: compileSnippet
  api=8 type=1 insize=3359 outsize=3860 kw=WATER_REFLECTIVE ok=1
Cmd: compileSnippet
  api=0 type=0 insize=2934 outsize=521 kw= ok=1
Cmd: compileSnippet
  api=0 type=1 insize=2934 outsize=725 kw= ok=1
Cmd: compileSnippet
  api=0 type=0 insize=2925 outsize=521 kw= ok=1
Cmd: compileSnippet
  api=0 type=1 insize=2925 outsize=505 kw= ok=1
Cmd: compileSnippet
  api=0 type=0 insize=2924 outsize=521 kw= ok=1
Cmd: compileSnippet
  api=0 type=1 insize=2924 outsize=544 kw= ok=1
Cmd: compileSnippet
  api=0 type=0 insize=2936 outsize=521 kw= ok=1
Cmd: compileSnippet
  api=0 type=1 insize=2936 outsize=705 kw= ok=1
Cmd: compileSnippet
  api=0 type=0 insize=1135 outsize=547 kw= ok=1
Cmd: compileSnippet
  api=0 type=1 insize=1135 outsize=333 kw= ok=1
