Base path: D:/Unity/Editor/Data
Pipe name: \\.\pipe\UnityShaderCompiler-3-7984
Cmd: getPlatforms
Cmd: compileSnippet
  api=8 type=0 insize=3359 outsize=3072 kw=WATER_REFRACTIVE ok=1
Cmd: compileSnippet
  api=1 type=0 insize=3359 outsize=449 kw=WATER_REFLECTIVE ok=1
Cmd: compileSnippet
  api=1 type=0 insize=3359 outsize=341 kw=WATER_SIMPLE ok=1
Cmd: compileSnippet
  api=1 type=1 insize=3359 outsize=810 kw=WATER_REFRACTIVE ok=1
Cmd: compileSnippet
  api=1 type=1 insize=3359 outsize=679 kw=WATER_SIMPLE ok=1
Cmd: compileSnippet
  api=8 type=1 insize=3359 outsize=3323 kw=WATER_SIMPLE ok=1
Cmd: compileSnippet
  api=1 type=1 insize=2934 outsize=570 kw= ok=1
Cmd: compileSnippet
  api=8 type=0 insize=2925 outsize=3063 kw= ok=1
Cmd: compileSnippet
  api=1 type=1 insize=2936 outsize=553 kw= ok=1
Cmd: compileSnippet
  api=8 type=0 insize=1135 outsize=2088 kw= ok=1
Cmd: compileSnippet
  api=1 type=1 insize=1135 outsize=192 kw= ok=1
Unhandled exception: Readfile from pipe failed. GLE=The pipe has been ended.


Quitting shader compiler process
