Base path: D:/Unity/Editor/Data
Pipe name: \\.\pipe\UnityShaderCompiler-4-8228
Cmd: getPlatforms
Cmd: compileSnippet
  api=0 type=0 insize=3359 outsize=743 kw=WATER_REFLECTIVE ok=1
Cmd: compileSnippet
  api=8 type=0 insize=3359 outsize=3072 kw=WATER_REFLECTIVE ok=1
Cmd: compileSnippet
  api=0 type=1 insize=3359 outsize=944 kw=WATER_REFLECTIVE ok=1
Cmd: compileSnippet
  api=4 type=1 insize=3359 outsize=2566 kw=WATER_REFLECTIVE ok=1
Cmd: compileSnippet
  api=8 type=0 insize=2934 outsize=3063 kw= ok=1
Cmd: compileSnippet
  api=1 type=0 insize=2925 outsize=437 kw= ok=1
Cmd: compileSnippet
  api=8 type=1 insize=2925 outsize=2535 kw= ok=1
Cmd: compileSnippet
  api=1 type=0 insize=2924 outsize=437 kw= ok=1
Cmd: compileSnippet
  api=8 type=1 insize=2924 outsize=2608 kw= ok=1
Cmd: compileSnippet
  api=1 type=0 insize=2936 outsize=437 kw= ok=1
Cmd: compileSnippet
  api=1 type=0 insize=1135 outsize=272 kw= ok=1
Cmd: compileSnippet
  api=8 type=1 insize=1135 outsize=1520 kw= ok=1
Unhandled exception: Readfile from pipe failed. GLE=The pipe has been ended.


Quitting shader compiler process
